<?xml version="1.0" encoding="UTF-8"?>
<!-- Generated by org.testng.reporters.JUnitXMLReporter -->
<testsuite ignored="2" hostname="LAPTOP-JF6MUSMN" failures="0" tests="1" name="Test" time="4.544" errors="0" timestamp="2024-03-08T13:34:08 IST">
  <testcase classname="testscripts.TestScript1" name="FullflowTest" time="2.642"/>
  <testcase classname="testscripts.Test2" name="filterTest" time="0.0">
    <ignored/>
  </testcase> <!-- filterTest -->
  <testcase classname="testscripts.TestScript1" name="FullflowTest2" time="0.0">
    <ignored/>
  </testcase> <!-- FullflowTest2 -->
</testsuite> <!-- Test -->
